<?xml version="1.0" encoding="UTF-8"?>
<!-- Generated by org.testng.reporters.JUnitXMLReporter -->
<testsuite ignored="0" hostname="DMM-G6394Y5V" failures="0" tests="7" name="PurchasefromOnlineShop" time="44.294" errors="0" timestamp="2024-05-19T15:20:57 MMT">
  <testcase classname="QAAutomationExercise.Scripts.CheckSuccessfulLogin" name="checkSuccessfulLogin" time="2.049"/>
  <testcase classname="QAAutomationExercise.Scripts.CheckLogoutSuccessful" name="checkLogoutSuccessful" time="4.393"/>
  <testcase classname="QAAutomationExercise.Scripts.SortByPrice_LowtoHigh" name="sortByPrice_LowtoHigh" time="3.258"/>
  <testcase classname="QAAutomationExercise.Scripts.Purchase2Items" name="purchase2Items" time="4.485"/>
  <testcase classname="QAAutomationExercise.Scripts.SortByPrice_HightoLow" name="sortByPrice_HightoLow" time="3.294"/>
  <testcase classname="QAAutomationExercise.Scripts.ValidateLockedOutUser" name="validateLockedOutUser" time="1.855"/>
  <testcase classname="QAAutomationExercise.Scripts.LogCheckoutSummary" name="logCheckoutSummary" time="4.837"/>
</testsuite> <!-- PurchasefromOnlineShop -->
