<?xml version="1.0" encoding="UTF-8"?>
<!-- Generated by org.testng.reporters.JUnitXMLReporter -->
<testsuite ignored="0" hostname="DMM-G6394Y5V" failures="0" tests="7" name="PurchasefromOnlineShop" time="48.502" errors="0" timestamp="2024-05-19T14:49:02 MMT">
  <testcase classname="QAAutomationExercise.Scripts.CheckSuccessfulLogin" name="checkSuccessfulLogin" time="6.659"/>
  <testcase classname="QAAutomationExercise.Scripts.CheckLogoutSuccessful" name="checkLogoutSuccessful" time="4.484"/>
  <testcase classname="QAAutomationExercise.Scripts.SortByPrice_LowtoHigh" name="sortByPrice_LowtoHigh" time="3.286"/>
  <testcase classname="QAAutomationExercise.Scripts.Purchase2Items" name="purchase2Items" time="4.494"/>
  <testcase classname="QAAutomationExercise.Scripts.SortByPrice_HightoLow" name="sortByPrice_HightoLow" time="3.296"/>
  <testcase classname="QAAutomationExercise.Scripts.ValidateLockedOutUser" name="validateLockedOutUser" time="1.829"/>
  <testcase classname="QAAutomationExercise.Scripts.LogCheckoutSummary" name="logCheckoutSummary" time="5.008"/>
</testsuite> <!-- PurchasefromOnlineShop -->
