<?xml version="1.0" encoding="UTF-8"?>
<!-- Generated by org.testng.reporters.JUnitXMLReporter -->
<testsuite ignored="0" hostname="DMM-G6394Y5V" failures="0" tests="7" name="testng.xml" time="35.409" errors="0" timestamp="2024-05-25T12:52:40 MMT">
  <testcase classname="scripts.SortByPrice_LowtoHigh" name="sortByPrice_LowtoHigh" time="2.818"/>
  <testcase classname="scripts.CheckLogoutSuccessful" name="checkLogoutSuccessful" time="3.847"/>
  <testcase classname="scripts.LogCheckoutSummary" name="logCheckoutSummary" time="3.554"/>
  <testcase classname="scripts.CheckSuccessfulLogin" name="checkSuccessfulLogin" time="1.552"/>
  <testcase classname="scripts.SortByPrice_HightoLow" name="sortByPrice_HightoLow" time="2.834"/>
  <testcase classname="scripts.Purchase2Items" name="purchase2Items" time="4.426"/>
  <testcase classname="scripts.ValidateLockedOutUser" name="validateLockedOutUser" time="1.55"/>
</testsuite> <!-- testng.xml -->
