<?xml version="1.0" encoding="UTF-8"?>
<!-- Generated by org.testng.reporters.JUnitXMLReporter -->
<testsuite ignored="0" hostname="DMM-G6394Y5V" failures="0" tests="7" name="testng.xml" time="42.05" errors="0" timestamp="2024-05-25T12:07:33 MMT">
  <testcase classname="scripts.SortByPrice_LowtoHigh" name="sortByPrice_LowtoHigh" time="2.92"/>
  <testcase classname="scripts.CheckLogoutSuccessful" name="checkLogoutSuccessful" time="3.908"/>
  <testcase classname="scripts.LogCheckoutSummary" name="logCheckoutSummary" time="4.018"/>
  <testcase classname="scripts.CheckSuccessfulLogin" name="checkSuccessfulLogin" time="1.572"/>
  <testcase classname="scripts.SortByPrice_HightoLow" name="sortByPrice_HightoLow" time="2.797"/>
  <testcase classname="scripts.Purchase2Items" name="purchase2Items" time="4.726"/>
  <testcase classname="scripts.ValidateLockedOutUser" name="validateLockedOutUser" time="1.492"/>
</testsuite> <!-- testng.xml -->
