<?xml version="1.0" encoding="UTF-8"?>
<testng-results ignored="0" total="1" passed="1" failed="0" skipped="0">
  <reporter-output>
  </reporter-output>
  <suite started-at="2024-05-19T15:58:42 MMT" name="Default suite" finished-at="2024-05-19T15:58:56 MMT" duration-ms="14437">
    <groups>
    </groups>
    <test started-at="2024-05-19T15:58:42 MMT" name="Default test" finished-at="2024-05-19T15:58:56 MMT" duration-ms="14437">
      <class name="QAAutomationExercise.Scripts.LogCheckoutSummary">
        <test-method is-config="true" signature="beforeClass()[pri:0, instance:QAAutomationExercise.Scripts.LogCheckoutSummary@21005f6c]" started-at="2024-05-19T15:58:42 MMT" name="beforeClass" finished-at="2024-05-19T15:58:45 MMT" duration-ms="2983" status="PASS">
          <reporter-output>
          </reporter-output>
        </test-method> <!-- beforeClass -->
        <test-method is-config="true" signature="beforeMethod()[pri:0, instance:QAAutomationExercise.Scripts.LogCheckoutSummary@21005f6c]" started-at="2024-05-19T15:58:45 MMT" name="beforeMethod" finished-at="2024-05-19T15:58:48 MMT" duration-ms="3433" status="PASS">
          <reporter-output>
          </reporter-output>
        </test-method> <!-- beforeMethod -->
        <test-method signature="logCheckoutSummary()[pri:0, instance:QAAutomationExercise.Scripts.LogCheckoutSummary@21005f6c]" started-at="2024-05-19T15:58:48 MMT" name="logCheckoutSummary" finished-at="2024-05-19T15:58:56 MMT" duration-ms="7536" status="PASS">
          <reporter-output>
          </reporter-output>
        </test-method> <!-- logCheckoutSummary -->
        <test-method is-config="true" signature="afterClass()[pri:0, instance:QAAutomationExercise.Scripts.LogCheckoutSummary@21005f6c]" started-at="2024-05-19T15:58:56 MMT" name="afterClass" finished-at="2024-05-19T15:58:56 MMT" duration-ms="384" status="PASS">
          <reporter-output>
          </reporter-output>
        </test-method> <!-- afterClass -->
      </class> <!-- QAAutomationExercise.Scripts.LogCheckoutSummary -->
    </test> <!-- Default test -->
  </suite> <!-- Default suite -->
</testng-results>
